#
# There is insufficient memory for the Java Runtime Environment to continue.
# Native memory allocation (mmap) failed to map 234881024 bytes for G1 virtual space
# Possible reasons:
#   The system is out of physical RAM or swap space
#   The process is running with CompressedOops enabled, and the Java Heap may be blocking the growth of the native heap
# Possible solutions:
#   Reduce memory load on the system
#   Increase physical memory or swap space
#   Check if swap backing store is full
#   Decrease Java heap size (-Xmx/-Xms)
#   Decrease number of Java threads
#   Decrease Java thread stack sizes (-Xss)
#   Set larger code cache with -XX:ReservedCodeCacheSize=
#   JVM is running with Zero Based Compressed Oops mode in which the Java heap is
#     placed in the first 32GB address space. The Java Heap base address is the
#     maximum limit for the native heap growth. Please use -XX:HeapBaseMinAddress
#     to set the Java Heap base and to place the Java Heap above 32GB virtual address.
# This output file may be truncated or incomplete.
#
#  Out of Memory Error (os_windows.cpp:3769), pid=16900, tid=11988
#
# JRE version:  (17.0.6) (build )
# Java VM: OpenJDK 64-Bit Server VM (17.0.6+0-b2043.56-10027231, mixed mode, sharing, tiered, compressed oops, compressed class ptrs, g1 gc, windows-amd64)
# No core dump will be written. Minidumps are not enabled by default on client versions of Windows
#

---------------  S U M M A R Y ------------

Command Line: git4idea.http.GitAskPassApp Username for 'https://github.com': 

Host: AMD Ryzen 5 3450U with Radeon Vega Mobile Gfx  , 8 cores, 13G,  Windows 11 , 64 bit Build 22621 (10.0.22621.2215)
Time: Tue Oct 10 11:22:59 2023 Hora estándar de Argentina elapsed time: 0.014741 seconds (0d 0h 0m 0s)

---------------  T H R E A D  ---------------

Current thread (0x000002aaffae9750):  JavaThread "Unknown thread" [_thread_in_vm, id=11988, stack(0x000000e511b00000,0x000000e511c00000)]

Stack: [0x000000e511b00000,0x000000e511c00000]
Native frames: (J=compiled Java code, j=interpreted, Vv=VM code, C=native code)
V  [jvm.dll+0x683c9a]
V  [jvm.dll+0x8427a4]
V  [jvm.dll+0x843f9e]
V  [jvm.dll+0x844603]
V  [jvm.dll+0x249b75]
V  [jvm.dll+0x680b69]
V  [jvm.dll+0x67505a]
V  [jvm.dll+0x309acb]
V  [jvm.dll+0x310f86]
V  [jvm.dll+0x3608ee]
V  [jvm.dll+0x360b1f]
V  [jvm.dll+0x2dfbf8]
V  [jvm.dll+0x2e0b64]
V  [jvm.dll+0x814091]
V  [jvm.dll+0x36e6a1]
V  [jvm.dll+0x7f35cc]
V  [jvm.dll+0x3f0e8f]
V  [jvm.dll+0x3f29d1]
C  [jli.dll+0x526b]
C  [ucrtbase.dll+0x29363]
C  [KERNEL32.DLL+0x1257d]
C  [ntdll.dll+0x5aa68]


---------------  P R O C E S S  ---------------

Threads class SMR info:
_java_thread_list=0x00007ff8e9c7c058, length=0, elements={
}

Java Threads: ( => current thread )

Other Threads:
  0x000002aaffb4b350 GCTaskThread "GC Thread#0" [stack: 0x000000e511c00000,0x000000e511d00000] [id=13516]
  0x000002aaffb5a0d0 ConcurrentGCThread "G1 Main Marker" [stack: 0x000000e511d00000,0x000000e511e00000] [id=15544]
  0x000002aaffb5c290 ConcurrentGCThread "G1 Conc#0" [stack: 0x000000e511e00000,0x000000e511f00000] [id=12256]

[error occurred during error reporting (printing all threads), id 0xc0000005, EXCEPTION_ACCESS_VIOLATION (0xc0000005) at pc=0x00007ff8e9430797]

VM state: not at safepoint (not fully initialized)

VM Mutex/Monitor currently owned by a thread:  ([mutex/lock_event])
[0x000002aaffae5820] Heap_lock - owner thread: 0x000002aaffae9750

Heap address: 0x0000000721c00000, size: 3556 MB, Compressed Oops mode: Zero based, Oop shift amount: 3

CDS archive(s) mapped at: [0x0000000000000000-0x0000000000000000-0x0000000000000000), size 0, SharedBaseAddress: 0x0000000800000000, ArchiveRelocationMode: 0.
Narrow klass base: 0x0000000000000000, Narrow klass shift: 0, Narrow klass range: 0x0

GC Precious Log:
<Empty>

Heap:
 garbage-first heap   total 0K, used 0K [0x0000000721c00000, 0x0000000800000000)
  region size 2048K, 0 young (0K), 0 survivors (0K)

[error occurred during error reporting (printing heap information), id 0xc0000005, EXCEPTION_ACCESS_VIOLATION (0xc0000005) at pc=0x00007ff8e981da89]

GC Heap History (0 events):
No events

Dll operation events (1 events):
Event: 0.009 Loaded shared library C:\Program Files\Android\Android Studio\jbr\bin\java.dll

Deoptimization events (0 events):
No events

Classes unloaded (0 events):
No events

Classes redefined (0 events):
No events

Internal exceptions (0 events):
No events

VM Operations (0 events):
No events

Events (0 events):
No events


Dynamic libraries:
0x00007ff611230000 - 0x00007ff61123a000 	C:\Program Files\Android\Android Studio\jbr\bin\java.exe
0x00007ff94dd30000 - 0x00007ff94df44000 	C:\WINDOWS\SYSTEM32\ntdll.dll
0x00007ff94c260000 - 0x00007ff94c324000 	C:\WINDOWS\System32\KERNEL32.DLL
0x00007ff94b0e0000 - 0x00007ff94b484000 	C:\WINDOWS\System32\KERNELBASE.dll
0x00007ff94b560000 - 0x00007ff94b671000 	C:\WINDOWS\System32\ucrtbase.dll
0x00007ff9264d0000 - 0x00007ff9264e7000 	C:\Program Files\Android\Android Studio\jbr\bin\jli.dll
0x00007ff91fb20000 - 0x00007ff91fb3b000 	C:\Program Files\Android\Android Studio\jbr\bin\VCRUNTIME140.dll
0x00007ff94d030000 - 0x00007ff94d1de000 	C:\WINDOWS\System32\USER32.dll
0x00007ff928020000 - 0x00007ff9282b3000 	C:\WINDOWS\WinSxS\amd64_microsoft.windows.common-controls_6595b64144ccf1df_6.0.22621.2215_none_270d72677387dfc3\COMCTL32.dll
0x00007ff94b490000 - 0x00007ff94b4b6000 	C:\WINDOWS\System32\win32u.dll
0x00007ff94c560000 - 0x00007ff94c607000 	C:\WINDOWS\System32\msvcrt.dll
0x00007ff94c3f0000 - 0x00007ff94c419000 	C:\WINDOWS\System32\GDI32.dll
0x00007ff94b8b0000 - 0x00007ff94b9c8000 	C:\WINDOWS\System32\gdi32full.dll
0x00007ff94b4c0000 - 0x00007ff94b55a000 	C:\WINDOWS\System32\msvcp_win.dll
0x00007ff94bac0000 - 0x00007ff94baf1000 	C:\WINDOWS\System32\IMM32.DLL
0x00007ff925f40000 - 0x00007ff925f4c000 	C:\Program Files\Android\Android Studio\jbr\bin\vcruntime140_1.dll
0x00007ff908200000 - 0x00007ff90828d000 	C:\Program Files\Android\Android Studio\jbr\bin\msvcp140.dll
0x00007ff8e9140000 - 0x00007ff8e9dae000 	C:\Program Files\Android\Android Studio\jbr\bin\server\jvm.dll
0x00007ff94c330000 - 0x00007ff94c3e0000 	C:\WINDOWS\System32\ADVAPI32.dll
0x00007ff94bcb0000 - 0x00007ff94bd56000 	C:\WINDOWS\System32\sechost.dll
0x00007ff94bb00000 - 0x00007ff94bc17000 	C:\WINDOWS\System32\RPCRT4.dll
0x00007ff9468b0000 - 0x00007ff9468b9000 	C:\WINDOWS\SYSTEM32\WSOCK32.dll
0x00007ff943370000 - 0x00007ff9433a4000 	C:\WINDOWS\SYSTEM32\WINMM.dll
0x00007ff944a50000 - 0x00007ff944a5a000 	C:\WINDOWS\SYSTEM32\VERSION.dll
0x00007ff94cd10000 - 0x00007ff94cd81000 	C:\WINDOWS\System32\WS2_32.dll
0x00007ff94a0e0000 - 0x00007ff94a0f8000 	C:\WINDOWS\SYSTEM32\kernel.appcore.dll
0x00007ff9468a0000 - 0x00007ff9468aa000 	C:\Program Files\Android\Android Studio\jbr\bin\jimage.dll
0x00007ff9414d0000 - 0x00007ff9416fe000 	C:\WINDOWS\SYSTEM32\DBGHELP.DLL
0x00007ff94c760000 - 0x00007ff94caea000 	C:\WINDOWS\System32\combase.dll
0x00007ff94d1e0000 - 0x00007ff94d2b7000 	C:\WINDOWS\System32\OLEAUT32.dll
0x00007ff93a860000 - 0x00007ff93a892000 	C:\WINDOWS\SYSTEM32\dbgcore.DLL
0x00007ff94b9d0000 - 0x00007ff94ba4a000 	C:\WINDOWS\System32\bcryptPrimitives.dll
0x00007ff92a620000 - 0x00007ff92a645000 	C:\Program Files\Android\Android Studio\jbr\bin\java.dll

dbghelp: loaded successfully - version: 4.0.5 - missing functions: none
symbol engine: initialized successfully - sym options: 0x614 - pdb path: .;C:\Program Files\Android\Android Studio\jbr\bin;C:\WINDOWS\SYSTEM32;C:\WINDOWS\WinSxS\amd64_microsoft.windows.common-controls_6595b64144ccf1df_6.0.22621.2215_none_270d72677387dfc3;C:\Program Files\Android\Android Studio\jbr\bin\server

VM Arguments:
java_command: git4idea.http.GitAskPassApp Username for 'https://github.com': 
java_class_path (initial): C:/Program Files/Android/Android Studio/plugins/vcs-git/lib/git4idea-rt.jar;C:/Program Files/Android/Android Studio/lib/externalProcess-rt.jar;C:/Program Files/Android/Android Studio/lib/app.jar;C:/Program Files/Android/Android Studio/lib/3rd-party-rt.jar
Launcher Type: SUN_STANDARD

[Global flags]
     intx CICompilerCount                          = 4                                         {product} {ergonomic}
     uint ConcGCThreads                            = 2                                         {product} {ergonomic}
     uint G1ConcRefinementThreads                  = 8                                         {product} {ergonomic}
   size_t G1HeapRegionSize                         = 2097152                                   {product} {ergonomic}
    uintx GCDrainStackTargetSize                   = 64                                        {product} {ergonomic}
   size_t InitialHeapSize                          = 234881024                                 {product} {ergonomic}
   size_t MarkStackSize                            = 4194304                                   {product} {ergonomic}
   size_t MaxHeapSize                              = 3728736256                                {product} {ergonomic}
   size_t MinHeapDeltaBytes                        = 2097152                                   {product} {ergonomic}
   size_t MinHeapSize                              = 8388608                                   {product} {ergonomic}
    uintx NonNMethodCodeHeapSize                   = 5839372                                {pd product} {ergonomic}
    uintx NonProfiledCodeHeapSize                  = 122909434                              {pd product} {ergonomic}
    uintx ProfiledCodeHeapSize                     = 122909434                              {pd product} {ergonomic}
    uintx ReservedCodeCacheSize                    = 251658240                              {pd product} {ergonomic}
     bool SegmentedCodeCache                       = true                                      {product} {ergonomic}
   size_t SoftMaxHeapSize                          = 3728736256                             {manageable} {ergonomic}
     bool UseCompressedClassPointers               = true                           {product lp64_product} {ergonomic}
     bool UseCompressedOops                        = true                           {product lp64_product} {ergonomic}
     bool UseG1GC                                  = true                                      {product} {ergonomic}
     bool UseLargePagesIndividualAllocation        = false                                  {pd product} {ergonomic}

Logging:
Log output configuration:
 #0: stdout all=warning uptime,level,tags
 #1: stderr all=off uptime,level,tags

Environment Variables:
PATH=C:/Program Files/Git/mingw64/libexec/git-core;C:/Program Files/Git/mingw64/libexec/git-core;C:\Program Files\Git\mingw64\bin;C:\Program Files\Git\usr\bin;C:\Users\fdcar\bin;C:\db_home\bin;C:\Program Files (x86)\Common Files\Oracle\Java\javapath;C:\Users\fdcar\OneDrive\Escritorio\oracle\bin;C:\oracle\bin;C:\WINDOWS.X64_193000_db_home\bin;C:\Program Files\Eclipse Adoptium\jdk-8.0.322.6-hotspot\bin;C:\WINDOWS\system32;C:\WINDOWS;C:\WINDOWS\System32\Wbem;C:\WINDOWS\System32\WindowsPowerShell\v1.0\;C:\WINDOWS\System32\OpenSSH\;C:\Dev-Cpp\bin;C:\Program Files\Java\jdk1.8.0_321\bin;C:\Program Files\dotnet\;C:\Program Files\Git\cmd;C:\xampp\php;C:\ProgramData\ComposerSetup\bin;C:\xampp\;C:\Program Files\Microsoft SQL Server\150\Tools\Binn\;C:\Program Files\Microsoft SQL Server\Client SDK\ODBC\170\Tools\Binn\;C:\Program Files (x86)\Microsoft SQL Server\160\Tools\Binn\;C:\Program Files\Microsoft SQL Server\160\Tools\Binn\;C:\Program Files\Microsoft SQL Server\160\DTS\Binn\;C:\Program Files (x86)\Microsoft SQL Server\160\DTS\Binn\;C:\Program Files\Azure Data Studio\bin;C:\Users\fdcar\AppData\Local\Microsoft\WindowsApps;C:\Users\fdcar\AppData\Local\Programs\Microsoft VS Code\bin;C:\Users\fdcar\AppData\Local\GitHubDesktop\bin;C:\Users\fdcar\AppData\Roaming\Composer\vendor\bin;C:\Users\fdcar\AppData\Roaming\npm;C:\Users\fdcar\.dotnet\tools;C:\Program Files\Azure Data Studio\bin
USERNAME=fdcar
DISPLAY=:0.0
LC_ALL=en_US.UTF-8
TERM=xterm-256color
TMPDIR=C:\Users\fdcar\AppData\Local\Temp
OS=Windows_NT
PROCESSOR_IDENTIFIER=AMD64 Family 23 Model 24 Stepping 1, AuthenticAMD
TMP=C:\Users\fdcar\AppData\Local\Temp
TEMP=C:\Users\fdcar\AppData\Local\Temp


JNI global refs:

[error occurred during error reporting (JNI global references), id 0xc0000005, EXCEPTION_ACCESS_VIOLATION (0xc0000005) at pc=0x00007ff8e91f7a10]


---------------  S Y S T E M  ---------------

OS:
 Windows 11 , 64 bit Build 22621 (10.0.22621.2215)
OS uptime: 0 days 1:00 hours

CPU: total 8 (initial active 8) (8 cores per cpu, 2 threads per core) family 23 model 24 stepping 1 microcode 0x0, cx8, cmov, fxsr, ht, mmx, 3dnowpref, sse, sse2, sse3, ssse3, sse4a, sse4.1, sse4.2, popcnt, lzcnt, tsc, tscinvbit, avx, avx2, aes, clmul, bmi1, bmi2, adx, sha, fma, vzeroupper, clflush, clflushopt

Memory: 4k page, system-wide physical 14222M (3654M free)
TotalPageFile size 14222M (AvailPageFile size 42M)
current process WorkingSet (physical memory assigned to process): 11M, peak: 11M
current process commit charge ("private bytes"): 60M, peak: 284M

vm_info: OpenJDK 64-Bit Server VM (17.0.6+0-b2043.56-10027231) for windows-amd64 JRE (17.0.6+0-b2043.56-10027231), built on Apr 28 2023 00:43:19 by "androidbuild" with MS VC++ 16.10 / 16.11 (VS2019)

END.
